  SceneTitle.cpp
c:\program files (x86)\microsoft directx sdk (june 2010)\include\dxgitype.h(12): warning C4005: 'DXGI_STATUS_OCCLUDED' : マクロが再定義されました。
          c:\program files (x86)\windows kits\8.1\include\shared\winerror.h(50002) : 'DXGI_STATUS_OCCLUDED' の前の定義を確認してください
c:\program files (x86)\microsoft directx sdk (june 2010)\include\dxgitype.h(13): warning C4005: 'DXGI_STATUS_CLIPPED' : マクロが再定義されました。
          c:\program files (x86)\windows kits\8.1\include\shared\winerror.h(50011) : 'DXGI_STATUS_CLIPPED' の前の定義を確認してください
c:\program files (x86)\microsoft directx sdk (june 2010)\include\dxgitype.h(14): warning C4005: 'DXGI_STATUS_NO_REDIRECTION' : マクロが再定義されました。
          c:\program files (x86)\windows kits\8.1\include\shared\winerror.h(50020) : 'DXGI_STATUS_NO_REDIRECTION' の前の定義を確認してください
c:\program files (x86)\microsoft directx sdk (june 2010)\include\dxgitype.h(15): warning C4005: 'DXGI_STATUS_NO_DESKTOP_ACCESS' : マクロが再定義されました。
          c:\program files (x86)\windows kits\8.1\include\shared\winerror.h(50029) : 'DXGI_STATUS_NO_DESKTOP_ACCESS' の前の定義を確認してください
c:\program files (x86)\microsoft directx sdk (june 2010)\include\dxgitype.h(16): warning C4005: 'DXGI_STATUS_GRAPHICS_VIDPN_SOURCE_IN_USE' : マクロが再定義されました。
          c:\program files (x86)\windows kits\8.1\include\shared\winerror.h(50038) : 'DXGI_STATUS_GRAPHICS_VIDPN_SOURCE_IN_USE' の前の定義を確認してください
c:\program files (x86)\microsoft directx sdk (june 2010)\include\dxgitype.h(17): warning C4005: 'DXGI_STATUS_MODE_CHANGED' : マクロが再定義されました。
          c:\program files (x86)\windows kits\8.1\include\shared\winerror.h(50047) : 'DXGI_STATUS_MODE_CHANGED' の前の定義を確認してください
c:\program files (x86)\microsoft directx sdk (june 2010)\include\dxgitype.h(18): warning C4005: 'DXGI_STATUS_MODE_CHANGE_IN_PROGRESS' : マクロが再定義されました。
          c:\program files (x86)\windows kits\8.1\include\shared\winerror.h(50056) : 'DXGI_STATUS_MODE_CHANGE_IN_PROGRESS' の前の定義を確認してください
c:\program files (x86)\microsoft directx sdk (june 2010)\include\dxgitype.h(21): warning C4005: 'DXGI_ERROR_INVALID_CALL' : マクロが再定義されました。
          c:\program files (x86)\windows kits\8.1\include\shared\winerror.h(50071) : 'DXGI_ERROR_INVALID_CALL' の前の定義を確認してください
c:\program files (x86)\microsoft directx sdk (june 2010)\include\dxgitype.h(22): warning C4005: 'DXGI_ERROR_NOT_FOUND' : マクロが再定義されました。
          c:\program files (x86)\windows kits\8.1\include\shared\winerror.h(50080) : 'DXGI_ERROR_NOT_FOUND' の前の定義を確認してください
c:\program files (x86)\microsoft directx sdk (june 2010)\include\dxgitype.h(23): warning C4005: 'DXGI_ERROR_MORE_DATA' : マクロが再定義されました。
          c:\program files (x86)\windows kits\8.1\include\shared\winerror.h(50089) : 'DXGI_ERROR_MORE_DATA' の前の定義を確認してください
c:\program files (x86)\microsoft directx sdk (june 2010)\include\dxgitype.h(24): warning C4005: 'DXGI_ERROR_UNSUPPORTED' : マクロが再定義されました。
          c:\program files (x86)\windows kits\8.1\include\shared\winerror.h(50098) : 'DXGI_ERROR_UNSUPPORTED' の前の定義を確認してください
c:\program files (x86)\microsoft directx sdk (june 2010)\include\dxgitype.h(25): warning C4005: 'DXGI_ERROR_DEVICE_REMOVED' : マクロが再定義されました。
          c:\program files (x86)\windows kits\8.1\include\shared\winerror.h(50107) : 'DXGI_ERROR_DEVICE_REMOVED' の前の定義を確認してください
c:\program files (x86)\microsoft directx sdk (june 2010)\include\dxgitype.h(26): warning C4005: 'DXGI_ERROR_DEVICE_HUNG' : マクロが再定義されました。
          c:\program files (x86)\windows kits\8.1\include\shared\winerror.h(50116) : 'DXGI_ERROR_DEVICE_HUNG' の前の定義を確認してください
c:\program files (x86)\microsoft directx sdk (june 2010)\include\dxgitype.h(27): warning C4005: 'DXGI_ERROR_DEVICE_RESET' : マクロが再定義されました。
          c:\program files (x86)\windows kits\8.1\include\shared\winerror.h(50126) : 'DXGI_ERROR_DEVICE_RESET' の前の定義を確認してください
c:\program files (x86)\microsoft directx sdk (june 2010)\include\dxgitype.h(28): warning C4005: 'DXGI_ERROR_WAS_STILL_DRAWING' : マクロが再定義されました。
          c:\program files (x86)\windows kits\8.1\include\shared\winerror.h(50135) : 'DXGI_ERROR_WAS_STILL_DRAWING' の前の定義を確認してください
c:\program files (x86)\microsoft directx sdk (june 2010)\include\dxgitype.h(29): warning C4005: 'DXGI_ERROR_FRAME_STATISTICS_DISJOINT' : マクロが再定義されました。
          c:\program files (x86)\windows kits\8.1\include\shared\winerror.h(50145) : 'DXGI_ERROR_FRAME_STATISTICS_DISJOINT' の前の定義を確認してください
c:\program files (x86)\microsoft directx sdk (june 2010)\include\dxgitype.h(30): warning C4005: 'DXGI_ERROR_GRAPHICS_VIDPN_SOURCE_IN_USE' : マクロが再定義されました。
          c:\program files (x86)\windows kits\8.1\include\shared\winerror.h(50154) : 'DXGI_ERROR_GRAPHICS_VIDPN_SOURCE_IN_USE' の前の定義を確認してください
c:\program files (x86)\microsoft directx sdk (june 2010)\include\dxgitype.h(31): warning C4005: 'DXGI_ERROR_DRIVER_INTERNAL_ERROR' : マクロが再定義されました。
          c:\program files (x86)\windows kits\8.1\include\shared\winerror.h(50164) : 'DXGI_ERROR_DRIVER_INTERNAL_ERROR' の前の定義を確認してください
c:\program files (x86)\microsoft directx sdk (june 2010)\include\dxgitype.h(32): warning C4005: 'DXGI_ERROR_NONEXCLUSIVE' : マクロが再定義されました。
          c:\program files (x86)\windows kits\8.1\include\shared\winerror.h(50173) : 'DXGI_ERROR_NONEXCLUSIVE' の前の定義を確認してください
c:\program files (x86)\microsoft directx sdk (june 2010)\include\dxgitype.h(33): warning C4005: 'DXGI_ERROR_NOT_CURRENTLY_AVAILABLE' : マクロが再定義されました。
          c:\program files (x86)\windows kits\8.1\include\shared\winerror.h(50182) : 'DXGI_ERROR_NOT_CURRENTLY_AVAILABLE' の前の定義を確認してください
c:\program files (x86)\microsoft directx sdk (june 2010)\include\dxgitype.h(34): warning C4005: 'DXGI_ERROR_REMOTE_CLIENT_DISCONNECTED' : マクロが再定義されました。
          c:\program files (x86)\windows kits\8.1\include\shared\winerror.h(50192) : 'DXGI_ERROR_REMOTE_CLIENT_DISCONNECTED' の前の定義を確認してください
c:\program files (x86)\microsoft directx sdk (june 2010)\include\dxgitype.h(35): warning C4005: 'DXGI_ERROR_REMOTE_OUTOFMEMORY' : マクロが再定義されました。
          c:\program files (x86)\windows kits\8.1\include\shared\winerror.h(50201) : 'DXGI_ERROR_REMOTE_OUTOFMEMORY' の前の定義を確認してください
c:\program files (x86)\microsoft directx sdk (june 2010)\include\d3d11.h(917): warning C4005: 'D3D11_ERROR_TOO_MANY_UNIQUE_STATE_OBJECTS' : マクロが再定義されました。
          c:\program files (x86)\windows kits\8.1\include\shared\winerror.h(50379) : 'D3D11_ERROR_TOO_MANY_UNIQUE_STATE_OBJECTS' の前の定義を確認してください
c:\program files (x86)\microsoft directx sdk (june 2010)\include\d3d11.h(918): warning C4005: 'D3D11_ERROR_FILE_NOT_FOUND' : マクロが再定義されました。
          c:\program files (x86)\windows kits\8.1\include\shared\winerror.h(50388) : 'D3D11_ERROR_FILE_NOT_FOUND' の前の定義を確認してください
c:\program files (x86)\microsoft directx sdk (june 2010)\include\d3d11.h(919): warning C4005: 'D3D11_ERROR_TOO_MANY_UNIQUE_VIEW_OBJECTS' : マクロが再定義されました。
          c:\program files (x86)\windows kits\8.1\include\shared\winerror.h(50398) : 'D3D11_ERROR_TOO_MANY_UNIQUE_VIEW_OBJECTS' の前の定義を確認してください
c:\program files (x86)\microsoft directx sdk (june 2010)\include\d3d11.h(920): warning C4005: 'D3D11_ERROR_DEFERRED_CONTEXT_MAP_WITHOUT_INITIAL_DISCARD' : マクロが再定義されました。
          c:\program files (x86)\windows kits\8.1\include\shared\winerror.h(50407) : 'D3D11_ERROR_DEFERRED_CONTEXT_MAP_WITHOUT_INITIAL_DISCARD' の前の定義を確認してください
c:\program files (x86)\microsoft directx sdk (june 2010)\include\d3d10.h(608): warning C4005: 'D3D10_ERROR_TOO_MANY_UNIQUE_STATE_OBJECTS' : マクロが再定義されました。
          c:\program files (x86)\windows kits\8.1\include\shared\winerror.h(50355) : 'D3D10_ERROR_TOO_MANY_UNIQUE_STATE_OBJECTS' の前の定義を確認してください
c:\program files (x86)\microsoft directx sdk (june 2010)\include\d3d10.h(609): warning C4005: 'D3D10_ERROR_FILE_NOT_FOUND' : マクロが再定義されました。
          c:\program files (x86)\windows kits\8.1\include\shared\winerror.h(50364) : 'D3D10_ERROR_FILE_NOT_FOUND' の前の定義を確認してください
c:\users\yuta\documents\framework\includes\direct3dmanager.h(44): warning C4091: 'typedef ' : 変数が何も宣言されていないときは、'Color' の左辺を無視します。
c:\users\yuta\documents\framework\includes\vector3.h(56): warning C4521: 'DxMath::Vector3' : 複数のコピー コンストラクターが指定されています。
c:\users\yuta\documents\framework\includes\vector3.h(56): warning C4522: 'DxMath::Vector3' : 複数の代入演算子が指定されています。
c:\users\yuta\documents\framework\includes\vector2.h(52): warning C4521: 'DxMath::Vector2' : 複数のコピー コンストラクターが指定されています。
c:\users\yuta\documents\framework\includes\vector4.h(57): warning C4521: 'DxMath::Vector4' : 複数のコピー コンストラクターが指定されています。
c:\users\yuta\documents\framework\includes\vector4.h(57): warning C4522: 'DxMath::Vector4' : 複数の代入演算子が指定されています。
c:\users\yuta\documents\framework\includes\transform.h(22): warning C4521: 'DxMath::Transform' : 複数のコピー コンストラクターが指定されています。
  Dx11Game.vcxproj -> C:\Users\yuta\Documents\Dx11Game2\Dx11Game\Debug\Dx11Game.exe
